Using pre-set license
Built from '2020.3/staging' branch; Version is '2020.3.16f1 (049d6eca3c44) revision 302446'; Using compiler version '192528614'; Build Type 'Release'
OS: 'Windows 10 Home; OS build 22000.1098; Version 2009; 64bit' Language: 'en' Physical Memory: 7541 MB
BatchMode: 1, IsHumanControllingUs: 0, StartBugReporterOnCrash: 0, Is64bit: 1, IsPro: 0

 COMMAND LINE ARGUMENTS:
C:\Program Files\Unity\Hub\Editor\2020.3.16f1\Editor\Unity.exe
-adb2
-batchMode
-noUpm
-name
AssetImportWorker0
-projectPath
C:/Users/ewcgo/source/repos/thetyper101/PotionWorks/Unity Files/PotionWorks
-logFile
Logs/AssetImportWorker0.log
-srvPort
52203
Successfully changed project path to: C:/Users/ewcgo/source/repos/thetyper101/PotionWorks/Unity Files/PotionWorks
C:/Users/ewcgo/source/repos/thetyper101/PotionWorks/Unity Files/PotionWorks
Using Asset Import Pipeline V2.
Refreshing native plugins compatible for Editor in 55.29 ms, found 5 plugins.
Preloading 0 native plugins for Editor in 0.00 ms.
Initialize engine version: 2020.3.16f1 (049d6eca3c44)
[Subsystems] Discovering subsystems at path C:/Program Files/Unity/Hub/Editor/2020.3.16f1/Editor/Data/Resources/UnitySubsystems
[Subsystems] Discovering subsystems at path C:/Users/ewcgo/source/repos/thetyper101/PotionWorks/Unity Files/PotionWorks/Assets
GfxDevice: creating device client; threaded=0
Direct3D:
    Version:  Direct3D 11.0 [level 11.1]
    Renderer: AMD Radeon(TM) Graphics (ID=0x1636)
    Vendor:   
    VRAM:     3770 MB
    Driver:   26.20.14054.0
Initialize mono
Mono path[0] = 'C:/Program Files/Unity/Hub/Editor/2020.3.16f1/Editor/Data/Managed'
Mono path[1] = 'C:/Program Files/Unity/Hub/Editor/2020.3.16f1/Editor/Data/MonoBleedingEdge/lib/mono/unityjit'
Mono config path = 'C:/Program Files/Unity/Hub/Editor/2020.3.16f1/Editor/Data/MonoBleedingEdge/etc'
Using monoOptions --debugger-agent=transport=dt_socket,embedding=1,server=y,suspend=n,address=127.0.0.1:56424
Begin MonoManager ReloadAssembly
Registering precompiled unity dll's ...
Register platform support module: C:/Program Files/Unity/Hub/Editor/2020.3.16f1/Editor/Data/PlaybackEngines/WindowsStandaloneSupport/UnityEditor.WindowsStandalone.Extensions.dll
Registered in 0.004795 seconds.
Native extension for WindowsStandalone target not found
Refreshing native plugins compatible for Editor in 42.64 ms, found 5 plugins.
Preloading 0 native plugins for Editor in 0.00 ms.
Mono: successfully reloaded assembly
- Completed reload, in  4.747 seconds
Domain Reload Profiling:
	ReloadAssembly (4747ms)
		BeginReloadAssembly (138ms)
			ExecutionOrderSort (0ms)
			DisableScriptedObjects (0ms)
			BackupInstance (0ms)
			ReleaseScriptingObjects (0ms)
			CreateAndSetChildDomain (2ms)
		EndReloadAssembly (449ms)
			LoadAssemblies (134ms)
			RebuildTransferFunctionScriptingTraits (0ms)
			SetupTypeCache (158ms)
			ReleaseScriptCaches (0ms)
			RebuildScriptCaches (33ms)
			SetupLoadedEditorAssemblies (180ms)
				LogAssemblyErrors (0ms)
				InitializePlatformSupportModulesInManaged (5ms)
				SetLoadedEditorAssemblies (0ms)
				RefreshPlugins (43ms)
				BeforeProcessingInitializeOnLoad (20ms)
				ProcessInitializeOnLoadAttributes (82ms)
				ProcessInitializeOnLoadMethodAttributes (30ms)
				AfterProcessingInitializeOnLoad (0ms)
				EditorAssembliesLoaded (0ms)
			ExecutionOrderSort2 (0ms)
			AwakeInstancesAfterBackupRestoration (0ms)
Platform modules already initialized, skipping
Registering precompiled user dll's ...
Registered in 0.032011 seconds.
Begin MonoManager ReloadAssembly
Symbol file data-000001EFEE009730 doesn't match image C:\Users\ewcgo\source\repos\thetyper101\PotionWorks\Unity Files\PotionWorks\Library\ScriptAssemblies\Assembly-CSharp-Editor-firstpass.dll
Symbol file LoadedFromMemory is not a mono symbol file
Symbol file data-000001EFEA769030 doesn't match image C:\Users\ewcgo\source\repos\thetyper101\PotionWorks\Unity Files\PotionWorks\Library\ScriptAssemblies\Unity.2D.Animation.Editor.dll
Symbol file LoadedFromMemory is not a mono symbol file
Symbol file data-000001EFEEF82E70 doesn't match image C:\Users\ewcgo\source\repos\thetyper101\PotionWorks\Unity Files\PotionWorks\Library\ScriptAssemblies\Unity.InternalAPIEngineBridge.001.dll
Symbol file LoadedFromMemory is not a mono symbol file
Symbol file data-000001EFEAA18ED0 doesn't match image C:\Users\ewcgo\source\repos\thetyper101\PotionWorks\Unity Files\PotionWorks\Library\ScriptAssemblies\Unity.VSCode.Editor.dll
Symbol file LoadedFromMemory is not a mono symbol file
Symbol file data-000001EFEA84A7F0 doesn't match image C:\Users\ewcgo\source\repos\thetyper101\PotionWorks\Unity Files\PotionWorks\Library\ScriptAssemblies\Unity.2D.PixelPerfect.dll
Symbol file LoadedFromMemory is not a mono symbol file
Symbol file data-000001EFEE6DB830 doesn't match image C:\Users\ewcgo\source\repos\thetyper101\PotionWorks\Unity Files\PotionWorks\Library\ScriptAssemblies\Unity.2D.Tilemap.Editor.dll
Symbol file LoadedFromMemory is not a mono symbol file
Symbol file data-000001EFEE6DB830 doesn't match image C:\Users\ewcgo\source\repos\thetyper101\PotionWorks\Unity Files\PotionWorks\Library\ScriptAssemblies\PsdPlugin.dll
Symbol file LoadedFromMemory is not a mono symbol file
Symbol file data-000001EFEE6DB830 doesn't match image C:\Users\ewcgo\source\repos\thetyper101\PotionWorks\Unity Files\PotionWorks\Library\ScriptAssemblies\Unity.TextMeshPro.Editor.dll
Symbol file LoadedFromMemory is not a mono symbol file
Symbol file data-000001EFEF027F60 doesn't match image C:\Users\ewcgo\source\repos\thetyper101\PotionWorks\Unity Files\PotionWorks\Library\ScriptAssemblies\Unity.VisualStudio.Editor.dll
Symbol file LoadedFromMemory is not a mono symbol file
Symbol file data-000001EFEF053D60 doesn't match image C:\Users\ewcgo\source\repos\thetyper101\PotionWorks\Unity Files\PotionWorks\Library\ScriptAssemblies\UnityEngine.TestRunner.dll
Symbol file LoadedFromMemory is not a mono symbol file
Symbol file data-000001EFEF053D60 doesn't match image C:\Users\ewcgo\source\repos\thetyper101\PotionWorks\Unity Files\PotionWorks\Library\ScriptAssemblies\Unity.Timeline.dll
Symbol file LoadedFromMemory is not a mono symbol file
Symbol file data-000001EFEE700030 doesn't match image C:\Users\ewcgo\source\repos\thetyper101\PotionWorks\Unity Files\PotionWorks\Library\ScriptAssemblies\Unity.TextMeshPro.dll
Symbol file LoadedFromMemory is not a mono symbol file
Symbol file data-000001EFEE72E240 doesn't match image C:\Users\ewcgo\source\repos\thetyper101\PotionWorks\Unity Files\PotionWorks\Library\ScriptAssemblies\UnityEditor.TestRunner.dll
Symbol file LoadedFromMemory is not a mono symbol file
Symbol file data-000001EFEAA18ED0 doesn't match image C:\Users\ewcgo\source\repos\thetyper101\PotionWorks\Unity Files\PotionWorks\Library\ScriptAssemblies\Unity.2D.IK.Editor.dll
Symbol file LoadedFromMemory is not a mono symbol file
Symbol file data-000001EFEE6DB830 doesn't match image C:\Users\ewcgo\source\repos\thetyper101\PotionWorks\Unity Files\PotionWorks\Library\ScriptAssemblies\Unity.2D.Sprite.Editor.dll
Symbol file LoadedFromMemory is not a mono symbol file
Symbol file data-000001EFEF027F60 doesn't match image C:\Users\ewcgo\source\repos\thetyper101\PotionWorks\Unity Files\PotionWorks\Library\ScriptAssemblies\Unity.2D.Psdimporter.Editor.dll
Symbol file LoadedFromMemory is not a mono symbol file
Symbol file data-000001EFEAA01140 doesn't match image C:\Users\ewcgo\source\repos\thetyper101\PotionWorks\Unity Files\PotionWorks\Library\ScriptAssemblies\Unity.2D.Path.Editor.dll
Symbol file LoadedFromMemory is not a mono symbol file
Symbol file data-000001EFEF1D7C90 doesn't match image C:\Users\ewcgo\source\repos\thetyper101\PotionWorks\Unity Files\PotionWorks\Library\ScriptAssemblies\Unity.InternalAPIEditorBridge.001.dll
Symbol file LoadedFromMemory is not a mono symbol file
Symbol file data-000001EFEF027F60 doesn't match image C:\Users\ewcgo\source\repos\thetyper101\PotionWorks\Unity Files\PotionWorks\Library\ScriptAssemblies\UnityEditor.UI.dll
Symbol file LoadedFromMemory is not a mono symbol file
Symbol file data-000001EFEDB0E020 doesn't match image C:\Users\ewcgo\source\repos\thetyper101\PotionWorks\Unity Files\PotionWorks\Library\ScriptAssemblies\Unity.PlasticSCM.Editor.dll
Symbol file LoadedFromMemory is not a mono symbol file
Symbol file data-000001EFEE99BBC0 doesn't match image C:\Users\ewcgo\source\repos\thetyper101\PotionWorks\Unity Files\PotionWorks\Library\ScriptAssemblies\Unity.Rider.Editor.dll
Symbol file LoadedFromMemory is not a mono symbol file
Symbol file data-000001EFEDB1FC30 doesn't match image C:\Users\ewcgo\source\repos\thetyper101\PotionWorks\Unity Files\PotionWorks\Library\ScriptAssemblies\UnityEngine.UI.dll
Symbol file LoadedFromMemory is not a mono symbol file
Symbol file data-000001EFED8A0010 doesn't match image C:\Users\ewcgo\source\repos\thetyper101\PotionWorks\Unity Files\PotionWorks\Library\ScriptAssemblies\Unity.Mathematics.dll
Symbol file LoadedFromMemory is not a mono symbol file
Symbol file data-000001EFEAA18ED0 doesn't match image C:\Users\ewcgo\source\repos\thetyper101\PotionWorks\Unity Files\PotionWorks\Library\ScriptAssemblies\Unity.2D.IK.Runtime.dll
Symbol file LoadedFromMemory is not a mono symbol file
Symbol file data-000001EFEDF32020 doesn't match image C:\Users\ewcgo\source\repos\thetyper101\PotionWorks\Unity Files\PotionWorks\Library\ScriptAssemblies\Unity.2D.Animation.Triangle.Runtime.dll
Symbol file LoadedFromMemory is not a mono symbol file
Symbol file data-000001EFEE672240 doesn't match image C:\Users\ewcgo\source\repos\thetyper101\PotionWorks\Unity Files\PotionWorks\Library\ScriptAssemblies\Unity.2D.Animation.Runtime.dll
Symbol file LoadedFromMemory is not a mono symbol file
Symbol file data-000001EFED539020 doesn't match image C:\Users\ewcgo\source\repos\thetyper101\PotionWorks\Unity Files\PotionWorks\Library\ScriptAssemblies\Unity.2D.PixelPerfect.Editor.dll
Symbol file LoadedFromMemory is not a mono symbol file
Symbol file data-000001EFEDF32020 doesn't match image C:\Users\ewcgo\source\repos\thetyper101\PotionWorks\Unity Files\PotionWorks\Library\ScriptAssemblies\Unity.Timeline.Editor.dll
Symbol file LoadedFromMemory is not a mono symbol file
Symbol file data-000001EFEE877800 doesn't match image C:\Users\ewcgo\source\repos\thetyper101\PotionWorks\Unity Files\PotionWorks\Library\ScriptAssemblies\Unity.CollabProxy.Editor.dll
Symbol file LoadedFromMemory is not a mono symbol file
Symbol file data-000001EFEA8BF020 doesn't match image C:\Users\ewcgo\source\repos\thetyper101\PotionWorks\Unity Files\PotionWorks\Library\ScriptAssemblies\Unity.Mathematics.Editor.dll
Symbol file LoadedFromMemory is not a mono symbol file
Symbol file data-000001EFEDB4E5B0 doesn't match image C:\Users\ewcgo\source\repos\thetyper101\PotionWorks\Unity Files\PotionWorks\Library\ScriptAssemblies\Unity.2D.Common.Runtime.dll
Symbol file LoadedFromMemory is not a mono symbol file
Symbol file data-000001EFEF027F60 doesn't match image C:\Users\ewcgo\source\repos\thetyper101\PotionWorks\Unity Files\PotionWorks\Library\ScriptAssemblies\Unity.2D.SpriteShape.Editor.dll
Symbol file LoadedFromMemory is not a mono symbol file
Symbol file data-000001EFED764830 doesn't match image C:\Users\ewcgo\source\repos\thetyper101\PotionWorks\Unity Files\PotionWorks\Library\ScriptAssemblies\Unity.2D.Common.Editor.dll
Symbol file LoadedFromMemory is not a mono symbol file
Symbol file data-000001EFEE4F3EA0 doesn't match image C:\Users\ewcgo\source\repos\thetyper101\PotionWorks\Unity Files\PotionWorks\Library\ScriptAssemblies\Unity.2D.SpriteShape.Runtime.dll
Symbol file LoadedFromMemory is not a mono symbol file
Native extension for WindowsStandalone target not found
Refreshing native plugins compatible for Editor in 42.96 ms, found 5 plugins.
Preloading 0 native plugins for Editor in 0.00 ms.
Mono: successfully reloaded assembly
- Completed reload, in  1.236 seconds
Domain Reload Profiling:
	ReloadAssembly (1238ms)
		BeginReloadAssembly (146ms)
			ExecutionOrderSort (0ms)
			DisableScriptedObjects (4ms)
			BackupInstance (0ms)
			ReleaseScriptingObjects (0ms)
			CreateAndSetChildDomain (24ms)
		EndReloadAssembly (1024ms)
			LoadAssemblies (164ms)
			RebuildTransferFunctionScriptingTraits (0ms)
			SetupTypeCache (332ms)
			ReleaseScriptCaches (1ms)
			RebuildScriptCaches (49ms)
			SetupLoadedEditorAssemblies (367ms)
				LogAssemblyErrors (0ms)
				InitializePlatformSupportModulesInManaged (4ms)
				SetLoadedEditorAssemblies (0ms)
				RefreshPlugins (43ms)
				BeforeProcessingInitializeOnLoad (83ms)
				ProcessInitializeOnLoadAttributes (214ms)
				ProcessInitializeOnLoadMethodAttributes (15ms)
				AfterProcessingInitializeOnLoad (8ms)
				EditorAssembliesLoaded (0ms)
			ExecutionOrderSort2 (0ms)
			AwakeInstancesAfterBackupRestoration (6ms)
Platform modules already initialized, skipping
========================================================================
Worker process is ready to serve import requests
Launched and connected shader compiler UnityShaderCompiler.exe after 0.07 seconds
Refreshing native plugins compatible for Editor in 0.59 ms, found 5 plugins.
Preloading 0 native plugins for Editor in 0.00 ms.
Unloading 2124 Unused Serialized files (Serialized files now loaded: 0)
System memory in use before: 95.4 MB.
System memory in use after: 95.5 MB.

Unloading 43 unused Assets to reduce memory usage. Loaded Objects now: 2592.
Total: 3.419800 ms (FindLiveObjects: 0.233300 ms CreateObjectMapping: 0.050700 ms MarkObjects: 3.042900 ms  DeleteObjects: 0.091400 ms)

AssetImportParameters requested are different than current active one (requested -> active):
  custom:framework-win-MediaFoundation: 216162199b28c13a410421893ffa2e32 -> 
  custom:video-decoder-ogg-theora: a1e56fd34408186e4bbccfd4996cb3dc -> 
  custom:container-muxer-webm: aa71ff27fc2769a1b78a27578f13a17b -> 
  custom:container-demuxer-webm: 4f35f7cbe854078d1ac9338744f61a02 -> 
  custom:container-demuxer-ogg: 62fdf1f143b41e24485cea50d1cbac27 -> 
  custom:video-encoder-webm-vp8: eb34c28f22e8b96e1ab97ce403110664 -> 
  custom:video-codec-MediaFoundation-h265: 746d11721c4dcdbdad8f713fa42b33f4 -> 
  custom:video-decoder-webm-vp8: 9c59270c3fd7afecdb556c50c9e8de78 -> 
  custom:audio-decoder-ogg-vorbis: bf7c407c2cedff20999df2af8eb42d56 -> 
  custom:audio-encoder-webm-vorbis: bf7c407c2cedff20999df2af8eb42d56 -> 
========================================================================
Received Import Request.
  path: Assets/Scenes/Levels/Level_2.unity
  artifactKey: Guid(bc3457b8d10de05489d9fb8dda45403b) Importer(815301076,1909f56bfc062723c751e8b465ee728b)
Start importing Assets/Scenes/Levels/Level_2.unity using Guid(bc3457b8d10de05489d9fb8dda45403b) Importer(815301076,1909f56bfc062723c751e8b465ee728b)  -> (artifact id: 'f64a70e900dded3a839a77c2654b9fcb') in 0.016018 seconds 
  Import took 0.019338 seconds .

AssetImportWorkerClient::OnTransportError - code=2 error=End of file
